<?xml version="1.0" encoding="UTF-8"?>
<testsuite name="com.im.test.TransactionSpec" tests="7" skipped="0" failures="1" errors="0" timestamp="2016-02-10T18:19:11" hostname="aditi-TravelMate-P257-M" time="0.518">
  <properties/>
  <testcase name="Sell product" classname="com.im.test.TransactionSpec" time="0.224"/>
  <testcase name="CancelSale" classname="com.im.test.TransactionSpec" time="0.154"/>
  <testcase name="CalculateDiscount:privillegedUser true and discountType : NONE" classname="com.im.test.TransactionSpec" time="0.002"/>
  <testcase name="CalculateDiscount:privillegedUser true and discountType : PRIVELLEGE_ONLY" classname="com.im.test.TransactionSpec" time="0.004"/>
  <testcase name="CalculateDiscount:privillegedUser false and discountType : PRIVELLEGE_ONLY" classname="com.im.test.TransactionSpec" time="0.003"/>
  <testcase name="CalculateDiscount:privillegedUser false and discountType : NONE" classname="com.im.test.TransactionSpec" time="0.001"/>
  <testcase name="CalculateDiscount:privillegedUser null and discountType : null" classname="com.im.test.TransactionSpec" time="0.118">
    <failure message="Condition not satisfied:&#10;&#10;calculatedDiscount == result&#10;|                  |  |&#10;50                 |  0&#10;                   false&#10;" type="org.spockframework.runtime.SpockComparisonFailure">Condition not satisfied:

calculatedDiscount == result
|                  |  |
50                 |  0
                   false

	at com.im.test.TransactionSpec.CalculateDiscount:privillegedUser #isPrivellegedCustomer and discountType : #discountType(TransactionSpec.groovy:68)
</failure>
  </testcase>
  <system-out><![CDATA[]]></system-out>
  <system-err><![CDATA[]]></system-err>
</testsuite>
