<?xml version="1.0" encoding="UTF-8"?>
<testsuite name="com.im.test.UserSpec" tests="20" skipped="0" failures="7" errors="0" timestamp="2016-02-10T18:19:11" hostname="aditi-TravelMate-P257-M" time="0.227">
  <properties/>
  <testcase name="For User with (Aditi, Bhatnagar) the full name should be 'Aditi Bhatnagar' " classname="com.im.test.UserSpec" time="0.013"/>
  <testcase name="For User with (null, null) the full name should be '' " classname="com.im.test.UserSpec" time="0.008">
    <failure message="Condition not satisfied:&#10;&#10;user.getFullName() == fullName&#10;|    |             |  |&#10;|    null null     |  &quot;&quot;&#10;|                  false&#10;|                  9 differences (0% similarity)&#10;|                  (null null)&#10;|                  (---------)&#10;com.im.test.User(firstName:null, lastName:null)&#10;" type="org.spockframework.runtime.SpockComparisonFailure">Condition not satisfied:

user.getFullName() == fullName
|    |             |  |
|    null null     |  &quot;&quot;
|                  false
|                  9 differences (0% similarity)
|                  (null null)
|                  (---------)
com.im.test.User(firstName:null, lastName:null)

	at com.im.test.UserSpec.For User with (#firstName, #lastName) the full name should be '#fullName' (UserSpec.groovy:22)
</failure>
  </testcase>
  <testcase name="For User with (null, Bhatnagar) the full name should be '' " classname="com.im.test.UserSpec" time="0.002">
    <failure message="Condition not satisfied:&#10;&#10;user.getFullName() == fullName&#10;|    |             |  |&#10;|    null Bhatnagar|  &quot;&quot;&#10;|                  false&#10;|                  14 differences (0% similarity)&#10;|                  (null Bhatnagar)&#10;|                  (--------------)&#10;com.im.test.User(firstName:null, lastName:Bhatnagar)&#10;" type="org.spockframework.runtime.SpockComparisonFailure">Condition not satisfied:

user.getFullName() == fullName
|    |             |  |
|    null Bhatnagar|  &quot;&quot;
|                  false
|                  14 differences (0% similarity)
|                  (null Bhatnagar)
|                  (--------------)
com.im.test.User(firstName:null, lastName:Bhatnagar)

	at com.im.test.UserSpec.For User with (#firstName, #lastName) the full name should be '#fullName' (UserSpec.groovy:22)
</failure>
  </testcase>
  <testcase name="For User with (Aditi, Bhatnagar) the name should be dislayed as '#Error:fullName' " classname="com.im.test.UserSpec" time="0.001"/>
  <testcase name="For User with (null, null) the name should be dislayed as '#Error:fullName' " classname="com.im.test.UserSpec" time="0.002">
    <failure message="Condition not satisfied:&#10;&#10;user.displayName() == displayName&#10;|    |             |  |&#10;|    Msnull null   |  &quot;&quot;&#10;|                  false&#10;|                  11 differences (0% similarity)&#10;|                  (Msnull null)&#10;|                  (-----------)&#10;com.im.test.User(firstName:null, lastName:null)&#10;" type="org.spockframework.runtime.SpockComparisonFailure">Condition not satisfied:

user.displayName() == displayName
|    |             |  |
|    Msnull null   |  &quot;&quot;
|                  false
|                  11 differences (0% similarity)
|                  (Msnull null)
|                  (-----------)
com.im.test.User(firstName:null, lastName:null)

	at com.im.test.UserSpec.For User with (#firstName, #lastName) the name should be dislayed as '#fullName' (UserSpec.groovy:41)
</failure>
  </testcase>
  <testcase name="For User with (null, Bhatnagar) the name should be dislayed as '#Error:fullName' " classname="com.im.test.UserSpec" time="0.003">
    <failure message="Condition not satisfied:&#10;&#10;user.displayName() == displayName&#10;|    |             |  |&#10;|    |             |  MsBhatnagar&#10;|    |             false&#10;|    |             5 differences (68% similarity)&#10;|    |             Ms(null )Bhatnagar&#10;|    |             Ms(-----)Bhatnagar&#10;|    Msnull Bhatnagar&#10;com.im.test.User(firstName:null, lastName:Bhatnagar)&#10;" type="org.spockframework.runtime.SpockComparisonFailure">Condition not satisfied:

user.displayName() == displayName
|    |             |  |
|    |             |  MsBhatnagar
|    |             false
|    |             5 differences (68% similarity)
|    |             Ms(null )Bhatnagar
|    |             Ms(-----)Bhatnagar
|    Msnull Bhatnagar
com.im.test.User(firstName:null, lastName:Bhatnagar)

	at com.im.test.UserSpec.For User with (#firstName, #lastName) the name should be dislayed as '#fullName' (UserSpec.groovy:41)
</failure>
  </testcase>
  <testcase name="For User with (Aditi, null) the name should be dislayed as '#Error:fullName' " classname="com.im.test.UserSpec" time="0.002">
    <failure message="Condition not satisfied:&#10;&#10;user.displayName() == displayName&#10;|    |             |  |&#10;|    MsAditi null  |  MsAditi&#10;|                  false&#10;|                  5 differences (58% similarity)&#10;|                  MsAditi( null)&#10;|                  MsAditi(-----)&#10;com.im.test.User(firstName:Aditi, lastName:null)&#10;" type="org.spockframework.runtime.SpockComparisonFailure">Condition not satisfied:

user.displayName() == displayName
|    |             |  |
|    MsAditi null  |  MsAditi
|                  false
|                  5 differences (58% similarity)
|                  MsAditi( null)
|                  MsAditi(-----)
com.im.test.User(firstName:Aditi, lastName:null)

	at com.im.test.UserSpec.For User with (#firstName, #lastName) the name should be dislayed as '#fullName' (UserSpec.groovy:41)
</failure>
  </testcase>
  <testcase name="For User with (Aditi, Bhatnagar) the name should be dislayed as '#Error:fullName' " classname="com.im.test.UserSpec" time="0.002">
    <failure message="Condition not satisfied:&#10;&#10;user.displayName() == displayName&#10;|    |             |  |&#10;|    |             |  &quot;&quot;&#10;|    |             false&#10;|    |             17 differences (0% similarity)&#10;|    |             (MsAditi Bhatnagar)&#10;|    |             (-----------------)&#10;|    MsAditi Bhatnagar&#10;com.im.test.User(firstName:Aditi, lastName:Bhatnagar)&#10;" type="org.spockframework.runtime.SpockComparisonFailure">Condition not satisfied:

user.displayName() == displayName
|    |             |  |
|    |             |  &quot;&quot;
|    |             false
|    |             17 differences (0% similarity)
|    |             (MsAditi Bhatnagar)
|    |             (-----------------)
|    MsAditi Bhatnagar
com.im.test.User(firstName:Aditi, lastName:Bhatnagar)

	at com.im.test.UserSpec.For User with (#firstName, #lastName) the name should be dislayed as '#fullName' (UserSpec.groovy:41)
</failure>
  </testcase>
  <testcase name="User's password validated[0]" classname="com.im.test.UserSpec" time="0.005"/>
  <testcase name="User's password validated[1]" classname="com.im.test.UserSpec" time="0.0"/>
  <testcase name="User's password validated[2]" classname="com.im.test.UserSpec" time="0.0"/>
  <testcase name="User's password validated[3]" classname="com.im.test.UserSpec" time="0.0"/>
  <testcase name="User's password validated[4]" classname="com.im.test.UserSpec" time="0.0"/>
  <testcase name="test that reset password is resetting password and sending email" classname="com.im.test.UserSpec" time="0.106"/>
  <testcase name="Testing encrypt password for 'test' " classname="com.im.test.UserSpec" time="0.017"/>
  <testcase name="Testing encrypt password for 'testqqq' " classname="com.im.test.UserSpec" time="0.0"/>
  <testcase name="Get income groups" classname="com.im.test.UserSpec" time="0.005">
    <failure message="Condition not satisfied:&#10;&#10;user.getIncomeGroup() == group&#10;|    |                |  |&#10;|    MiddleClass      |  null&#10;|                     false&#10;|                     9 differences (18% similarity)&#10;|                     (Midd)l(eC)l(ass)&#10;|                     (nu--)l(--)l(---)&#10;com.im.test.User(firstName:null, lastName:null)&#10;" type="org.spockframework.runtime.SpockComparisonFailure">Condition not satisfied:

user.getIncomeGroup() == group
|    |                |  |
|    MiddleClass      |  null
|                     false
|                     9 differences (18% similarity)
|                     (Midd)l(eC)l(ass)
|                     (nu--)l(--)l(---)
com.im.test.User(firstName:null, lastName:null)

	at com.im.test.UserSpec.Get income groups(UserSpec.groovy:129)
</failure>
    <failure message="Condition not satisfied:&#10;&#10;user.getIncomeGroup() == group&#10;|    |                |  |&#10;|    MiddleClass      |  Higher MiddleClass&#10;|                     false&#10;|                     7 differences (61% similarity)&#10;|                     (-------)MiddleClass&#10;|                     (Higher )MiddleClass&#10;com.im.test.User(firstName:null, lastName:null)&#10;" type="org.spockframework.runtime.SpockComparisonFailure">Condition not satisfied:

user.getIncomeGroup() == group
|    |                |  |
|    MiddleClass      |  Higher MiddleClass
|                     false
|                     7 differences (61% similarity)
|                     (-------)MiddleClass
|                     (Higher )MiddleClass
com.im.test.User(firstName:null, lastName:null)

	at com.im.test.UserSpec.Get income groups(UserSpec.groovy:129)
</failure>
  </testcase>
  <testcase name="Purchase" classname="com.im.test.UserSpec" time="0.001"/>
  <testcase name="CancelPurchase" classname="com.im.test.UserSpec" time="0.0"/>
  <testcase name="GetSortedInterestedInCategories" classname="com.im.test.UserSpec" time="0.053"/>
  <system-out><![CDATA[23:49:11.863 [Test worker] INFO  com.im.test.UserSpec - Create a user 
23:49:11.867 [Test worker] INFO  com.im.test.UserSpec - Checking user's full name
23:49:11.871 [Test worker] INFO  com.im.test.UserSpec - Create a user 
23:49:11.874 [Test worker] INFO  com.im.test.UserSpec - Checking user's full name
23:49:11.879 [Test worker] INFO  com.im.test.UserSpec - Create a user 
23:49:11.879 [Test worker] INFO  com.im.test.UserSpec - Checking user's full name
23:49:11.882 [Test worker] INFO  com.im.test.UserSpec - Create a user 
23:49:11.882 [Test worker] INFO  com.im.test.UserSpec - Checking user's full name
23:49:11.882 [Test worker] INFO  com.im.test.UserSpec - Create a user 
23:49:11.883 [Test worker] INFO  com.im.test.UserSpec - Checking user's full name
23:49:11.884 [Test worker] INFO  com.im.test.UserSpec - Create a user 
23:49:11.885 [Test worker] INFO  com.im.test.UserSpec - Checking user's full name
23:49:11.887 [Test worker] INFO  com.im.test.UserSpec - Create a user 
23:49:11.887 [Test worker] INFO  com.im.test.UserSpec - Checking user's full name
23:49:11.889 [Test worker] INFO  com.im.test.UserSpec - Create a user 
23:49:11.890 [Test worker] INFO  com.im.test.UserSpec - Checking user's full name
23:49:12.005 [Test worker] INFO  com.im.test.UserSpec - encryptPassword called
]]></system-out>
  <system-err><![CDATA[]]></system-err>
</testsuite>
